<?xml version="1.0" encoding="UTF-8" ?>
<testsuite tests="14" failures="4" name="runners.CukeRunner" time="16.649" errors="0" skipped="0">
  <properties>
    <property name="java.runtime.name" value="Java(TM) SE Runtime Environment"/>
    <property name="sun.boot.library.path" value="C:\Program Files\Java\jdk1.8.0_231\jre\bin"/>
    <property name="java.vm.version" value="25.231-b11"/>
    <property name="java.vm.vendor" value="Oracle Corporation"/>
    <property name="maven.multiModuleProjectDirectory" value="C:\Users\Duotech\eclipsez\cucumber-bdd-framework"/>
    <property name="java.vendor.url" value="http://java.oracle.com/"/>
    <property name="path.separator" value=";"/>
    <property name="guice.disable.misplaced.annotation.check" value="true"/>
    <property name="java.vm.name" value="Java HotSpot(TM) 64-Bit Server VM"/>
    <property name="file.encoding.pkg" value="sun.io"/>
    <property name="user.script" value=""/>
    <property name="user.country" value="US"/>
    <property name="sun.java.launcher" value="SUN_STANDARD"/>
    <property name="sun.os.patch.level" value=""/>
    <property name="java.vm.specification.name" value="Java Virtual Machine Specification"/>
    <property name="user.dir" value="C:\Users\Duotech\eclipsez\cucumber-bdd-framework"/>
    <property name="java.runtime.version" value="1.8.0_231-b11"/>
    <property name="java.awt.graphicsenv" value="sun.awt.Win32GraphicsEnvironment"/>
    <property name="java.endorsed.dirs" value="C:\Program Files\Java\jdk1.8.0_231\jre\lib\endorsed"/>
    <property name="os.arch" value="amd64"/>
    <property name="java.io.tmpdir" value="C:\Users\Duotech\AppData\Local\Temp\"/>
    <property name="line.separator" value="
"/>
    <property name="java.vm.specification.vendor" value="Oracle Corporation"/>
    <property name="user.variant" value=""/>
    <property name="os.name" value="Windows 10"/>
    <property name="classworlds.conf" value="C:\maven\bin\..\bin\m2.conf"/>
    <property name="sun.jnu.encoding" value="Cp1252"/>
    <property name="java.library.path" value="C:\Program Files\Java\jdk1.8.0_231\bin;C:\WINDOWS\Sun\Java\bin;C:\WINDOWS\system32;C:\WINDOWS;C:\Program Files (x86)\Common Files\Oracle\Java\javapath;C:\Program Files (x86)\Intel\Intel(R) Management Engine Components\iCLS\;C:\Program Files\Intel\Intel(R) Management Engine Components\iCLS\;C:\Windows\system32;C:\Windows;C:\Windows\System32\Wbem;C:\Windows\System32\WindowsPowerShell\v1.0\;C:\Windows\System32\OpenSSH\;C:\Program Files (x86)\Intel\Intel(R) Management Engine Components\DAL;C:\Program Files\Intel\Intel(R) Management Engine Components\DAL;C:\Program Files (x86)\Intel\Intel(R) Management Engine Components\IPT;C:\Program Files\Intel\Intel(R) Management Engine Components\IPT;C:\Program Files (x86)\NVIDIA Corporation\PhysX\Common;C:\Program Files\NVIDIA Corporation\NVIDIA NGX;C:\Program Files\NVIDIA Corporation\NVIDIA NvDLISR;C:\Program Files\Java\jdk1.8.0_231\bin;C:\WINDOWS\system32;C:\WINDOWS;C:\WINDOWS\System32\Wbem;C:\WINDOWS\System32\WindowsPowerShell\v1.0\;C:\WINDOWS\System32\OpenSSH\;C:\maven\bin;C:\Program Files\Git\cmd;C:\Program Files\MySQL\MySQL Shell 8.0\bin\;C:\Users\Duotech\AppData\Local\Microsoft\WindowsApps;;."/>
    <property name="maven.conf" value="C:\maven\bin\../conf"/>
    <property name="java.specification.name" value="Java Platform API Specification"/>
    <property name="java.class.version" value="52.0"/>
    <property name="sun.management.compiler" value="HotSpot 64-Bit Tiered Compilers"/>
    <property name="os.version" value="10.0"/>
    <property name="library.jansi.path" value="C:\maven\bin\..\lib\jansi-native"/>
    <property name="user.home" value="C:\Users\Duotech"/>
    <property name="user.timezone" value="America/New_York"/>
    <property name="java.awt.printerjob" value="sun.awt.windows.WPrinterJob"/>
    <property name="java.specification.version" value="1.8"/>
    <property name="file.encoding" value="Cp1252"/>
    <property name="user.name" value="Duotech"/>
    <property name="java.class.path" value="C:\maven\bin\..\boot\plexus-classworlds-2.6.0.jar"/>
    <property name="java.vm.specification.version" value="1.8"/>
    <property name="sun.arch.data.model" value="64"/>
    <property name="java.home" value="C:\Program Files\Java\jdk1.8.0_231\jre"/>
    <property name="sun.java.command" value="org.codehaus.plexus.classworlds.launcher.Launcher verify"/>
    <property name="java.specification.vendor" value="Oracle Corporation"/>
    <property name="user.language" value="en"/>
    <property name="awt.toolkit" value="sun.awt.windows.WToolkit"/>
    <property name="java.vm.info" value="mixed mode"/>
    <property name="java.version" value="1.8.0_231"/>
    <property name="java.ext.dirs" value="C:\Program Files\Java\jdk1.8.0_231\jre\lib\ext;C:\WINDOWS\Sun\Java\lib\ext"/>
    <property name="sun.boot.class.path" value="C:\Program Files\Java\jdk1.8.0_231\jre\lib\resources.jar;C:\Program Files\Java\jdk1.8.0_231\jre\lib\rt.jar;C:\Program Files\Java\jdk1.8.0_231\jre\lib\sunrsasign.jar;C:\Program Files\Java\jdk1.8.0_231\jre\lib\jsse.jar;C:\Program Files\Java\jdk1.8.0_231\jre\lib\jce.jar;C:\Program Files\Java\jdk1.8.0_231\jre\lib\charsets.jar;C:\Program Files\Java\jdk1.8.0_231\jre\lib\jfr.jar;C:\Program Files\Java\jdk1.8.0_231\jre\classes"/>
    <property name="sun.stderr.encoding" value="cp437"/>
    <property name="java.vendor" value="Oracle Corporation"/>
    <property name="maven.home" value="C:\maven\bin\.."/>
    <property name="file.separator" value="\"/>
    <property name="java.vendor.url.bug" value="http://bugreport.sun.com/bugreport/"/>
    <property name="sun.cpu.endian" value="little"/>
    <property name="sun.io.unicode.encoding" value="UnicodeLittle"/>
    <property name="sun.stdout.encoding" value="cp437"/>
    <property name="sun.desktop" value="windows"/>
    <property name="sun.cpu.isalist" value="amd64"/>
  </properties>
  <testcase classname="Verify Sign in page title" name="The User is on the homepage" time="3.243"/>
  <testcase classname="Verify Sign in page title" name="The user clicks on sign in button" time="1.036"/>
  <testcase classname="Verify Sign in page title" name="The user should land on sign in page and the title should be Login - My Store" time="0.006"/>
  <testcase classname="Verify Sign in page title" name="Verify Sign in page title" time="0.85"/>
  <testcase classname="Verify negative login using wrong credentials" name="The User is on the homepage" time="2.266"/>
  <testcase classname="Verify negative login using wrong credentials" name="The user clicks on sign in button" time="1.012"/>
  <testcase classname="Verify negative login using wrong credentials" name="The user enters incorrect credentials" time="1.009"/>
  <testcase classname="Verify negative login using wrong credentials" name="The user should not login and the error message should appear with the text Invalid Email Address" time="0.105">
    <failure message="expected:&lt;Authentication fail[].&gt; but was:&lt;Authentication fail[ed].&gt;" type="org.junit.ComparisonFailure">org.junit.ComparisonFailure: expected:&lt;Authentication fail[].&gt; but was:&lt;Authentication fail[ed].&gt;
	at org.junit.Assert.assertEquals(Assert.java:117)
	at org.junit.Assert.assertEquals(Assert.java:146)
	at step_definitions.SignInStepDefs.the_user_should_not_login_and_the_error_message_should_appear(SignInStepDefs.java:67)
	at ✽.The user should not login and the error message should appear with the text Invalid Email Address(file:///C:/Users/Duotech/eclipsez/cucumber-bdd-framework/src/test/resources/features/sign_in.feature:17)
</failure>
    <system-out>  And The user enters incorrect credentials                                                              # step_definitions.SignInStepDefs.the_user_enters_incorrect_credentials()
</system-out>
  </testcase>
  <testcase classname="Verify negative login using wrong credentials" name="Verify negative login using wrong credentials" time="1.332">
    <failure message="expected:&lt;Authentication fail[].&gt; but was:&lt;Authentication fail[ed].&gt;" type="org.junit.ComparisonFailure">org.junit.ComparisonFailure: expected:&lt;Authentication fail[].&gt; but was:&lt;Authentication fail[ed].&gt;
	at org.junit.Assert.assertEquals(Assert.java:117)
	at org.junit.Assert.assertEquals(Assert.java:146)
	at step_definitions.SignInStepDefs.the_user_should_not_login_and_the_error_message_should_appear(SignInStepDefs.java:67)
	at ✽.The user should not login and the error message should appear with the text Invalid Email Address(file:///C:/Users/Duotech/eclipsez/cucumber-bdd-framework/src/test/resources/features/sign_in.feature:17)
</failure>
    <system-out>  Then The user should not login and the error message should appear with the text Invalid Email Address # step_definitions.SignInStepDefs.the_user_should_not_login_and_the_error_message_should_appear()
      org.junit.ComparisonFailure: expected:&lt;Authentication fail[].&gt; but was:&lt;Authentication fail[ed].&gt;
	at org.junit.Assert.assertEquals(Assert.java:117)
	at org.junit.Assert.assertEquals(Assert.java:146)
	at step_definitions.SignInStepDefs.the_user_should_not_login_and_the_error_message_should_appear(SignInStepDefs.java:67)
	at âœ½.The user should not login and the error message should appear with the text Invalid Email Address(file:///C:/Users/Duotech/eclipsez/cucumber-bdd-framework/src/test/resources/features/sign_in.feature:17)


    Embedding Screenshot20210123014231 [image/png 152899 bytes]

</system-out>
  </testcase>
  <testcase classname="Verify negative login using no credentials" name="The User is on the homepage" time="2.557"/>
  <testcase classname="Verify negative login using no credentials" name="The user clicks on sign in button" time="0.939"/>
  <testcase classname="Verify negative login using no credentials" name="The user enters no credentials" time="0.943"/>
  <testcase classname="Verify negative login using no credentials" name="The user should not login and the error message should appear with the text An email address required" time="0.1">
    <failure message="expected:&lt;An email address [need]ed.&gt; but was:&lt;An email address [requir]ed.&gt;" type="org.junit.ComparisonFailure">org.junit.ComparisonFailure: expected:&lt;An email address [need]ed.&gt; but was:&lt;An email address [requir]ed.&gt;
	at org.junit.Assert.assertEquals(Assert.java:117)
	at org.junit.Assert.assertEquals(Assert.java:146)
	at step_definitions.SignInStepDefs.the_user_should_not_login_and_the_error_message_should_appear_with_the_text_an_email_address_required(SignInStepDefs.java:86)
	at ✽.The user should not login and the error message should appear with the text An email address required(file:///C:/Users/Duotech/eclipsez/cucumber-bdd-framework/src/test/resources/features/sign_in.feature:22)
</failure>
    <system-out>  And The user enters no credentials                                                                         # step_definitions.SignInStepDefs.the_user_enters_no_credentials()
</system-out>
  </testcase>
  <testcase classname="Verify negative login using no credentials" name="Verify negative login using no credentials" time="1.251">
    <failure message="expected:&lt;An email address [need]ed.&gt; but was:&lt;An email address [requir]ed.&gt;" type="org.junit.ComparisonFailure">org.junit.ComparisonFailure: expected:&lt;An email address [need]ed.&gt; but was:&lt;An email address [requir]ed.&gt;
	at org.junit.Assert.assertEquals(Assert.java:117)
	at org.junit.Assert.assertEquals(Assert.java:146)
	at step_definitions.SignInStepDefs.the_user_should_not_login_and_the_error_message_should_appear_with_the_text_an_email_address_required(SignInStepDefs.java:86)
	at ✽.The user should not login and the error message should appear with the text An email address required(file:///C:/Users/Duotech/eclipsez/cucumber-bdd-framework/src/test/resources/features/sign_in.feature:22)
</failure>
    <system-out>  Then The user should not login and the error message should appear with the text An email address required # step_definitions.SignInStepDefs.the_user_should_not_login_and_the_error_message_should_appear_with_the_text_an_email_address_required()
      org.junit.ComparisonFailure: expected:&lt;An email address [need]ed.&gt; but was:&lt;An email address [requir]ed.&gt;
	at org.junit.Assert.assertEquals(Assert.java:117)
	at org.junit.Assert.assertEquals(Assert.java:146)
	at step_definitions.SignInStepDefs.the_user_should_not_login_and_the_error_message_should_appear_with_the_text_an_email_address_required(SignInStepDefs.java:86)
	at âœ½.The user should not login and the error message should appear with the text An email address required(file:///C:/Users/Duotech/eclipsez/cucumber-bdd-framework/src/test/resources/features/sign_in.feature:22)


    Embedding Screenshot20210123014238 [image/png 150884 bytes]

</system-out>
  </testcase>
</testsuite>